ANDapp/app/build/intermediates/manifest_merge_blame_file/release/manifest-merger-blame-release-report.txt
1<?xml version="1.0" encoding="utf-8"?>
2<manifest xmlns:android="http://schemas.android.com/apk/res/android"
3    package="com.example.weatherapp"
4    android:versionCode="1"
5    android:versionName="1.0" >
6
7    <uses-sdk
8        android:minSdkVersion="22"
8-->src\main\AndroidManifest.xml
9        android:targetSdkVersion="29" />
9-->src\main\AndroidManifest.xml
10
11    <uses-permission android:name="android.permission.INTERNET" />
11-->src\main\AndroidManifest.xml:4:5-66
11-->src\main\AndroidManifest.xml:4:22-64
12    <uses-permission android:name="android.permission.ACCESS_NETWORK_STATE" />
12-->[com.firebaseui:firebase-ui-auth:6.2.0] AndroidManifest.xml:12:5-79
12-->[com.firebaseui:firebase-ui-auth:6.2.0] AndroidManifest.xml:12:22-76
13    <uses-permission android:name="android.permission.WAKE_LOCK" /> <!-- Required by older versions of Google Play services to create IID tokens -->
13-->[com.google.android.gms:play-services-measurement-api:17.4.3] AndroidManifest.xml:24:5-68
13-->[com.google.android.gms:play-services-measurement-api:17.4.3] AndroidManifest.xml:24:22-65
14    <uses-permission android:name="com.google.android.c2dm.permission.RECEIVE" />
14-->[com.google.firebase:firebase-iid:20.1.5] AndroidManifest.xml:26:5-82
14-->[com.google.firebase:firebase-iid:20.1.5] AndroidManifest.xml:26:22-79
15    <uses-permission android:name="com.google.android.finsky.permission.BIND_GET_INSTALL_REFERRER_SERVICE" />
15-->[com.google.android.gms:play-services-measurement:17.4.3] AndroidManifest.xml:26:5-110
15-->[com.google.android.gms:play-services-measurement:17.4.3] AndroidManifest.xml:26:22-107
16
17    <application
17-->src\main\AndroidManifest.xml:6:5-31:19
18        android:allowBackup="false"
18-->src\main\AndroidManifest.xml:7:9-36
19        android:appComponentFactory="androidx.core.app.CoreComponentFactory"
19-->[androidx.core:core:1.1.0] AndroidManifest.xml:24:18-86
20        android:icon="@mipmap/ic_launcher"
20-->src\main\AndroidManifest.xml:8:9-43
21        android:label="@string/weather_seeker"
21-->src\main\AndroidManifest.xml:9:9-47
22        android:roundIcon="@mipmap/ic_launcher_round"
22-->src\main\AndroidManifest.xml:10:9-54
23        android:supportsRtl="true"
23-->src\main\AndroidManifest.xml:11:9-35
24        android:theme="@style/AppTheme" >
24-->src\main\AndroidManifest.xml:12:9-40
25        <activity android:name="com.example.weatherapp.login.AuthentificationActivity" >
25-->src\main\AndroidManifest.xml:14:9-20:20
25-->src\main\AndroidManifest.xml:14:19-65
26            <intent-filter>
26-->src\main\AndroidManifest.xml:15:13-19:29
27                <action android:name="android.intent.action.MAIN" />
27-->src\main\AndroidManifest.xml:16:17-69
27-->src\main\AndroidManifest.xml:16:25-66
28
29                <category android:name="android.intent.category.LAUNCHER" />
29-->src\main\AndroidManifest.xml:18:17-77
29-->src\main\AndroidManifest.xml:18:27-74
30            </intent-filter>
31        </activity>
32        <activity android:name="com.example.weatherapp.MainActivity" >
32-->src\main\AndroidManifest.xml:21:9-22:20
32-->src\main\AndroidManifest.xml:21:19-47
33        </activity>
34        <activity
34-->src\main\AndroidManifest.xml:23:9-26:20
35            android:name="com.example.weatherapp.settings.SettingsActivity"
35-->src\main\AndroidManifest.xml:23:19-60
36            android:label="Settings"
36-->src\main\AndroidManifest.xml:25:13-37
37            android:parentActivityName="com.example.weatherapp.MainActivity" >
37-->src\main\AndroidManifest.xml:24:13-55
38        </activity>
39        <activity
39-->src\main\AndroidManifest.xml:27:9-30:20
40            android:name="com.example.weatherapp.cityInfo.CityDetailsActivity"
40-->src\main\AndroidManifest.xml:27:19-63
41            android:label="Weather Info"
41-->src\main\AndroidManifest.xml:29:13-41
42            android:parentActivityName="com.example.weatherapp.MainActivity" >
42-->src\main\AndroidManifest.xml:28:13-55
43        </activity>
44
45        <meta-data
45-->[com.firebaseui:firebase-ui-auth:6.2.0] AndroidManifest.xml:16:9-18:69
46            android:name="com.google.android.gms.version"
46-->[com.firebaseui:firebase-ui-auth:6.2.0] AndroidManifest.xml:17:13-58
47            android:value="@integer/google_play_services_version" />
47-->[com.firebaseui:firebase-ui-auth:6.2.0] AndroidManifest.xml:18:13-66
48        <meta-data
48-->[com.firebaseui:firebase-ui-auth:6.2.0] AndroidManifest.xml:19:9-21:63
49            android:name="com.facebook.sdk.ApplicationId"
49-->[com.firebaseui:firebase-ui-auth:6.2.0] AndroidManifest.xml:20:13-58
50            android:value="@string/facebook_application_id" />
50-->[com.firebaseui:firebase-ui-auth:6.2.0] AndroidManifest.xml:21:13-60
51
52        <activity
52-->[com.firebaseui:firebase-ui-auth:6.2.0] AndroidManifest.xml:23:9-27:61
53            android:name="com.firebase.ui.auth.KickoffActivity"
53-->[com.firebaseui:firebase-ui-auth:6.2.0] AndroidManifest.xml:24:13-64
54            android:exported="false"
54-->[com.firebaseui:firebase-ui-auth:6.2.0] AndroidManifest.xml:25:13-37
55            android:label=""
55-->[com.firebaseui:firebase-ui-auth:6.2.0] AndroidManifest.xml:26:13-29
56            android:theme="@style/FirebaseUI.Transparent" />
56-->[com.firebaseui:firebase-ui-auth:6.2.0] AndroidManifest.xml:27:13-58
57        <activity
57-->[com.firebaseui:firebase-ui-auth:6.2.0] AndroidManifest.xml:28:9-32:61
58            android:name="com.firebase.ui.auth.ui.idp.SingleSignInActivity"
58-->[com.firebaseui:firebase-ui-auth:6.2.0] AndroidManifest.xml:29:13-76
59            android:exported="false"
59-->[com.firebaseui:firebase-ui-auth:6.2.0] AndroidManifest.xml:30:13-37
60            android:label=""
60-->[com.firebaseui:firebase-ui-auth:6.2.0] AndroidManifest.xml:31:13-29
61            android:theme="@style/FirebaseUI.Transparent" />
61-->[com.firebaseui:firebase-ui-auth:6.2.0] AndroidManifest.xml:32:13-58
62        <activity
62-->[com.firebaseui:firebase-ui-auth:6.2.0] AndroidManifest.xml:33:9-37:61
63            android:name="com.firebase.ui.auth.ui.credentials.CredentialSaveActivity"
63-->[com.firebaseui:firebase-ui-auth:6.2.0] AndroidManifest.xml:34:13-86
64            android:exported="false"
64-->[com.firebaseui:firebase-ui-auth:6.2.0] AndroidManifest.xml:35:13-37
65            android:label=""
65-->[com.firebaseui:firebase-ui-auth:6.2.0] AndroidManifest.xml:36:13-29
66            android:theme="@style/FirebaseUI.Transparent" />
66-->[com.firebaseui:firebase-ui-auth:6.2.0] AndroidManifest.xml:37:13-58
67        <activity
67-->[com.firebaseui:firebase-ui-auth:6.2.0] AndroidManifest.xml:38:9-42:58
68            android:name="com.firebase.ui.auth.ui.email.RecoverPasswordActivity"
68-->[com.firebaseui:firebase-ui-auth:6.2.0] AndroidManifest.xml:39:13-81
69            android:exported="false"
69-->[com.firebaseui:firebase-ui-auth:6.2.0] AndroidManifest.xml:40:13-37
70            android:label="@string/fui_title_recover_password_activity"
70-->[com.firebaseui:firebase-ui-auth:6.2.0] AndroidManifest.xml:41:13-72
71            android:windowSoftInputMode="adjustResize" />
71-->[com.firebaseui:firebase-ui-auth:6.2.0] AndroidManifest.xml:42:13-55
72        <activity
72-->[com.firebaseui:firebase-ui-auth:6.2.0] AndroidManifest.xml:43:9-47:58
73            android:name="com.firebase.ui.auth.ui.email.EmailActivity"
73-->[com.firebaseui:firebase-ui-auth:6.2.0] AndroidManifest.xml:44:13-71
74            android:exported="false"
74-->[com.firebaseui:firebase-ui-auth:6.2.0] AndroidManifest.xml:45:13-37
75            android:label="@string/fui_sign_in_default"
75-->[com.firebaseui:firebase-ui-auth:6.2.0] AndroidManifest.xml:46:13-56
76            android:windowSoftInputMode="adjustResize" />
76-->[com.firebaseui:firebase-ui-auth:6.2.0] AndroidManifest.xml:47:13-55
77        <activity
77-->[com.firebaseui:firebase-ui-auth:6.2.0] AndroidManifest.xml:48:9-52:77
78            android:name="com.firebase.ui.auth.ui.phone.PhoneActivity"
78-->[com.firebaseui:firebase-ui-auth:6.2.0] AndroidManifest.xml:49:13-71
79            android:exported="false"
79-->[com.firebaseui:firebase-ui-auth:6.2.0] AndroidManifest.xml:50:13-37
80            android:label="@string/fui_sign_in_with_phone_number"
80-->[com.firebaseui:firebase-ui-auth:6.2.0] AndroidManifest.xml:51:13-66
81            android:windowSoftInputMode="adjustResize|stateAlwaysVisible" />
81-->[com.firebaseui:firebase-ui-auth:6.2.0] AndroidManifest.xml:52:13-74
82        <activity
82-->[com.firebaseui:firebase-ui-auth:6.2.0] AndroidManifest.xml:53:9-57:58
83            android:name="com.firebase.ui.auth.ui.idp.WelcomeBackIdpPrompt"
83-->[com.firebaseui:firebase-ui-auth:6.2.0] AndroidManifest.xml:54:13-76
84            android:exported="false"
84-->[com.firebaseui:firebase-ui-auth:6.2.0] AndroidManifest.xml:55:13-37
85            android:label="@string/fui_title_welcome_back_idp_prompt"
85-->[com.firebaseui:firebase-ui-auth:6.2.0] AndroidManifest.xml:56:13-70
86            android:windowSoftInputMode="adjustResize" />
86-->[com.firebaseui:firebase-ui-auth:6.2.0] AndroidManifest.xml:57:13-55
87        <activity
87-->[com.firebaseui:firebase-ui-auth:6.2.0] AndroidManifest.xml:58:9-62:58
88            android:name="com.firebase.ui.auth.ui.email.WelcomeBackPasswordPrompt"
88-->[com.firebaseui:firebase-ui-auth:6.2.0] AndroidManifest.xml:59:13-83
89            android:exported="false"
89-->[com.firebaseui:firebase-ui-auth:6.2.0] AndroidManifest.xml:60:13-37
90            android:label="@string/fui_title_welcome_back_password_prompt"
90-->[com.firebaseui:firebase-ui-auth:6.2.0] AndroidManifest.xml:61:13-75
91            android:windowSoftInputMode="adjustResize" />
91-->[com.firebaseui:firebase-ui-auth:6.2.0] AndroidManifest.xml:62:13-55
92        <activity
92-->[com.firebaseui:firebase-ui-auth:6.2.0] AndroidManifest.xml:63:9-67:58
93            android:name="com.firebase.ui.auth.ui.email.WelcomeBackEmailLinkPrompt"
93-->[com.firebaseui:firebase-ui-auth:6.2.0] AndroidManifest.xml:64:13-84
94            android:exported="false"
94-->[com.firebaseui:firebase-ui-auth:6.2.0] AndroidManifest.xml:65:13-37
95            android:label="@string/fui_title_welcome_back_password_prompt"
95-->[com.firebaseui:firebase-ui-auth:6.2.0] AndroidManifest.xml:66:13-75
96            android:windowSoftInputMode="adjustResize" />
96-->[com.firebaseui:firebase-ui-auth:6.2.0] AndroidManifest.xml:67:13-55
97        <activity
97-->[com.firebaseui:firebase-ui-auth:6.2.0] AndroidManifest.xml:68:9-73:58
98            android:name="com.firebase.ui.auth.ui.email.EmailLinkCatcherActivity"
98-->[com.firebaseui:firebase-ui-auth:6.2.0] AndroidManifest.xml:69:13-82
99            android:exported="false"
99-->[com.firebaseui:firebase-ui-auth:6.2.0] AndroidManifest.xml:70:13-37
100            android:label=""
100-->[com.firebaseui:firebase-ui-auth:6.2.0] AndroidManifest.xml:71:13-29
101            android:theme="@style/FirebaseUI.Transparent"
101-->[com.firebaseui:firebase-ui-auth:6.2.0] AndroidManifest.xml:72:13-58
102            android:windowSoftInputMode="adjustResize" />
102-->[com.firebaseui:firebase-ui-auth:6.2.0] AndroidManifest.xml:73:13-55
103        <activity
103-->[com.firebaseui:firebase-ui-auth:6.2.0] AndroidManifest.xml:74:9-78:58
104            android:name="com.firebase.ui.auth.ui.email.EmailLinkErrorRecoveryActivity"
104-->[com.firebaseui:firebase-ui-auth:6.2.0] AndroidManifest.xml:75:13-88
105            android:exported="false"
105-->[com.firebaseui:firebase-ui-auth:6.2.0] AndroidManifest.xml:76:13-37
106            android:label="@string/fui_sign_in_default"
106-->[com.firebaseui:firebase-ui-auth:6.2.0] AndroidManifest.xml:77:13-56
107            android:windowSoftInputMode="adjustResize" />
107-->[com.firebaseui:firebase-ui-auth:6.2.0] AndroidManifest.xml:78:13-55
108        <activity
108-->[com.firebaseui:firebase-ui-auth:6.2.0] AndroidManifest.xml:79:9-82:65
109            android:name="com.firebase.ui.auth.ui.idp.AuthMethodPickerActivity"
109-->[com.firebaseui:firebase-ui-auth:6.2.0] AndroidManifest.xml:80:13-80
110            android:exported="false"
110-->[com.firebaseui:firebase-ui-auth:6.2.0] AndroidManifest.xml:81:13-37
111            android:label="@string/fui_default_toolbar_title" />
111-->[com.firebaseui:firebase-ui-auth:6.2.0] AndroidManifest.xml:82:13-62
112        <activity
112-->[com.firebaseui:firebase-ui-auth:6.2.0] AndroidManifest.xml:83:9-87:48
113            android:name="com.facebook.FacebookActivity"
113-->[com.firebaseui:firebase-ui-auth:6.2.0] AndroidManifest.xml:84:13-57
114            android:configChanges="keyboard|keyboardHidden|screenLayout|screenSize|orientation"
114-->[com.firebaseui:firebase-ui-auth:6.2.0] AndroidManifest.xml:85:13-96
115            android:label="@string/app_name" />
115-->[com.firebaseui:firebase-ui-auth:6.2.0] AndroidManifest.xml:86:13-45
116        <activity
116-->[com.firebaseui:firebase-ui-auth:6.2.0] AndroidManifest.xml:88:9-100:20
117            android:name="com.facebook.CustomTabActivity"
117-->[com.firebaseui:firebase-ui-auth:6.2.0] AndroidManifest.xml:89:13-58
118            android:exported="true" >
118-->[com.firebaseui:firebase-ui-auth:6.2.0] AndroidManifest.xml:90:13-36
119            <intent-filter>
119-->[com.firebaseui:firebase-ui-auth:6.2.0] AndroidManifest.xml:92:13-99:29
120                <action android:name="android.intent.action.VIEW" />
120-->[com.firebaseui:firebase-ui-auth:6.2.0] AndroidManifest.xml:93:17-69
120-->[com.firebaseui:firebase-ui-auth:6.2.0] AndroidManifest.xml:93:25-66
121
122                <category android:name="android.intent.category.DEFAULT" />
122-->[com.firebaseui:firebase-ui-auth:6.2.0] AndroidManifest.xml:95:17-76
122-->[com.firebaseui:firebase-ui-auth:6.2.0] AndroidManifest.xml:95:27-73
123                <category android:name="android.intent.category.BROWSABLE" />
123-->[com.firebaseui:firebase-ui-auth:6.2.0] AndroidManifest.xml:96:17-78
123-->[com.firebaseui:firebase-ui-auth:6.2.0] AndroidManifest.xml:96:27-75
124
125                <data android:scheme="@string/facebook_login_protocol_scheme" />
125-->[com.firebaseui:firebase-ui-auth:6.2.0] AndroidManifest.xml:98:17-81
125-->[com.firebaseui:firebase-ui-auth:6.2.0] AndroidManifest.xml:98:23-78
126            </intent-filter>
127        </activity>
128
129        <provider
129-->[com.firebaseui:firebase-ui-auth:6.2.0] AndroidManifest.xml:102:9-106:38
130            android:name="com.firebase.ui.auth.data.client.AuthUiInitProvider"
130-->[com.firebaseui:firebase-ui-auth:6.2.0] AndroidManifest.xml:103:13-79
131            android:authorities="com.example.weatherapp.authuiinitprovider"
131-->[com.firebaseui:firebase-ui-auth:6.2.0] AndroidManifest.xml:104:13-70
132            android:exported="false"
132-->[com.firebaseui:firebase-ui-auth:6.2.0] AndroidManifest.xml:105:13-37
133            android:initOrder="90" />
133-->[com.firebaseui:firebase-ui-auth:6.2.0] AndroidManifest.xml:106:13-35
134
135        <service
135-->[androidx.room:room-runtime:2.2.5] AndroidManifest.xml:25:9-28:40
136            android:name="androidx.room.MultiInstanceInvalidationService"
136-->[androidx.room:room-runtime:2.2.5] AndroidManifest.xml:26:13-74
137            android:directBootAware="true"
137-->[androidx.room:room-runtime:2.2.5] AndroidManifest.xml:27:13-43
138            android:exported="false" />
138-->[androidx.room:room-runtime:2.2.5] AndroidManifest.xml:28:13-37
139
140        <activity
140-->[com.google.firebase:firebase-auth:19.3.1] AndroidManifest.xml:24:9-31:50
141            android:name="com.google.firebase.auth.internal.FederatedSignInActivity"
141-->[com.google.firebase:firebase-auth:19.3.1] AndroidManifest.xml:25:13-85
142            android:excludeFromRecents="true"
142-->[com.google.firebase:firebase-auth:19.3.1] AndroidManifest.xml:26:13-46
143            android:exported="true"
143-->[com.google.firebase:firebase-auth:19.3.1] AndroidManifest.xml:27:13-36
144            android:launchMode="singleTask"
144-->[com.google.firebase:firebase-auth:19.3.1] AndroidManifest.xml:28:13-44
145            android:permission="com.google.firebase.auth.api.gms.permission.LAUNCH_FEDERATED_SIGN_IN"
145-->[com.google.firebase:firebase-auth:19.3.1] AndroidManifest.xml:29:13-102
146            android:theme="@android:style/Theme.Translucent.NoTitleBar" />
146-->[com.google.firebase:firebase-auth:19.3.1] AndroidManifest.xml:30:13-72
147
148        <service
148-->[com.google.firebase:firebase-auth:19.3.1] AndroidManifest.xml:33:9-39:19
149            android:name="com.google.firebase.components.ComponentDiscoveryService"
149-->[com.google.firebase:firebase-auth:19.3.1] AndroidManifest.xml:34:13-84
150            android:directBootAware="true"
150-->[com.google.firebase:firebase-common:19.3.0] AndroidManifest.xml:34:13-43
151            android:exported="false" >
151-->[com.google.firebase:firebase-auth:19.3.1] AndroidManifest.xml:35:13-37
152            <meta-data
152-->[com.google.firebase:firebase-auth:19.3.1] AndroidManifest.xml:36:13-38:85
153                android:name="com.google.firebase.components:com.google.firebase.auth.FirebaseAuthRegistrar"
153-->[com.google.firebase:firebase-auth:19.3.1] AndroidManifest.xml:37:17-109
154                android:value="com.google.firebase.components.ComponentRegistrar" />
154-->[com.google.firebase:firebase-auth:19.3.1] AndroidManifest.xml:38:17-82
155            <meta-data
155-->[com.google.android.gms:play-services-measurement-api:17.4.3] AndroidManifest.xml:30:13-32:85
156                android:name="com.google.firebase.components:com.google.firebase.analytics.connector.internal.AnalyticsConnectorRegistrar"
156-->[com.google.android.gms:play-services-measurement-api:17.4.3] AndroidManifest.xml:31:17-139
157                android:value="com.google.firebase.components.ComponentRegistrar" />
157-->[com.google.android.gms:play-services-measurement-api:17.4.3] AndroidManifest.xml:32:17-82
158            <meta-data
158-->[com.google.firebase:firebase-iid:20.1.5] AndroidManifest.xml:32:13-34:85
159                android:name="com.google.firebase.components:com.google.firebase.iid.Registrar"
159-->[com.google.firebase:firebase-iid:20.1.5] AndroidManifest.xml:33:17-96
160                android:value="com.google.firebase.components.ComponentRegistrar" />
160-->[com.google.firebase:firebase-iid:20.1.5] AndroidManifest.xml:34:17-82
161            <meta-data
161-->[com.google.firebase:firebase-installations:16.2.1] AndroidManifest.xml:17:13-19:85
162                android:name="com.google.firebase.components:com.google.firebase.installations.FirebaseInstallationsRegistrar"
162-->[com.google.firebase:firebase-installations:16.2.1] AndroidManifest.xml:18:17-127
163                android:value="com.google.firebase.components.ComponentRegistrar" />
163-->[com.google.firebase:firebase-installations:16.2.1] AndroidManifest.xml:19:17-82
164        </service>
165
166        <activity
166-->[com.google.android.gms:play-services-auth:17.0.0] AndroidManifest.xml:23:9-27:75
167            android:name="com.google.android.gms.auth.api.signin.internal.SignInHubActivity"
167-->[com.google.android.gms:play-services-auth:17.0.0] AndroidManifest.xml:24:13-93
168            android:excludeFromRecents="true"
168-->[com.google.android.gms:play-services-auth:17.0.0] AndroidManifest.xml:25:13-46
169            android:exported="false"
169-->[com.google.android.gms:play-services-auth:17.0.0] AndroidManifest.xml:26:13-37
170            android:theme="@android:style/Theme.Translucent.NoTitleBar" />
170-->[com.google.android.gms:play-services-auth:17.0.0] AndroidManifest.xml:27:13-72
171        <!--
172            Service handling Google Sign-In user revocation. For apps that do not integrate with
173            Google Sign-In, this service will never be started.
174        -->
175        <service
175-->[com.google.android.gms:play-services-auth:17.0.0] AndroidManifest.xml:33:9-36:110
176            android:name="com.google.android.gms.auth.api.signin.RevocationBoundService"
176-->[com.google.android.gms:play-services-auth:17.0.0] AndroidManifest.xml:34:13-89
177            android:exported="true"
177-->[com.google.android.gms:play-services-auth:17.0.0] AndroidManifest.xml:35:13-36
178            android:permission="com.google.android.gms.auth.api.signin.permission.REVOCATION_NOTIFICATION" />
178-->[com.google.android.gms:play-services-auth:17.0.0] AndroidManifest.xml:36:13-107
179
180        <receiver
180-->[com.google.firebase:firebase-iid:20.1.5] AndroidManifest.xml:37:9-44:20
181            android:name="com.google.firebase.iid.FirebaseInstanceIdReceiver"
181-->[com.google.firebase:firebase-iid:20.1.5] AndroidManifest.xml:38:13-78
182            android:exported="true"
182-->[com.google.firebase:firebase-iid:20.1.5] AndroidManifest.xml:39:13-36
183            android:permission="com.google.android.c2dm.permission.SEND" >
183-->[com.google.firebase:firebase-iid:20.1.5] AndroidManifest.xml:40:13-73
184            <intent-filter>
184-->[com.google.firebase:firebase-iid:20.1.5] AndroidManifest.xml:41:13-43:29
185                <action android:name="com.google.android.c2dm.intent.RECEIVE" />
185-->[com.google.firebase:firebase-iid:20.1.5] AndroidManifest.xml:42:17-81
185-->[com.google.firebase:firebase-iid:20.1.5] AndroidManifest.xml:42:25-78
186            </intent-filter>
187        </receiver>
188
189        <activity
189-->[com.google.android.gms:play-services-base:17.1.0] AndroidManifest.xml:23:9-26:75
190            android:name="com.google.android.gms.common.api.GoogleApiActivity"
190-->[com.google.android.gms:play-services-base:17.1.0] AndroidManifest.xml:24:13-79
191            android:exported="false"
191-->[com.google.android.gms:play-services-base:17.1.0] AndroidManifest.xml:25:13-37
192            android:theme="@android:style/Theme.Translucent.NoTitleBar" />
192-->[com.google.android.gms:play-services-base:17.1.0] AndroidManifest.xml:26:13-72
193
194        <receiver
194-->[com.google.android.gms:play-services-measurement:17.4.3] AndroidManifest.xml:29:9-33:20
195            android:name="com.google.android.gms.measurement.AppMeasurementReceiver"
195-->[com.google.android.gms:play-services-measurement:17.4.3] AndroidManifest.xml:30:13-85
196            android:enabled="true"
196-->[com.google.android.gms:play-services-measurement:17.4.3] AndroidManifest.xml:31:13-35
197            android:exported="false" >
197-->[com.google.android.gms:play-services-measurement:17.4.3] AndroidManifest.xml:32:13-37
198        </receiver>
199
200        <service
200-->[com.google.android.gms:play-services-measurement:17.4.3] AndroidManifest.xml:35:9-38:40
201            android:name="com.google.android.gms.measurement.AppMeasurementService"
201-->[com.google.android.gms:play-services-measurement:17.4.3] AndroidManifest.xml:36:13-84
202            android:enabled="true"
202-->[com.google.android.gms:play-services-measurement:17.4.3] AndroidManifest.xml:37:13-35
203            android:exported="false" />
203-->[com.google.android.gms:play-services-measurement:17.4.3] AndroidManifest.xml:38:13-37
204        <service
204-->[com.google.android.gms:play-services-measurement:17.4.3] AndroidManifest.xml:39:9-43:72
205            android:name="com.google.android.gms.measurement.AppMeasurementJobService"
205-->[com.google.android.gms:play-services-measurement:17.4.3] AndroidManifest.xml:40:13-87
206            android:enabled="true"
206-->[com.google.android.gms:play-services-measurement:17.4.3] AndroidManifest.xml:41:13-35
207            android:exported="false"
207-->[com.google.android.gms:play-services-measurement:17.4.3] AndroidManifest.xml:42:13-37
208            android:permission="android.permission.BIND_JOB_SERVICE" />
208-->[com.google.android.gms:play-services-measurement:17.4.3] AndroidManifest.xml:43:13-69
209
210        <provider
210-->[com.google.firebase:firebase-common:19.3.0] AndroidManifest.xml:26:9-30:39
211            android:name="com.google.firebase.provider.FirebaseInitProvider"
211-->[com.google.firebase:firebase-common:19.3.0] AndroidManifest.xml:27:13-77
212            android:authorities="com.example.weatherapp.firebaseinitprovider"
212-->[com.google.firebase:firebase-common:19.3.0] AndroidManifest.xml:28:13-72
213            android:exported="false"
213-->[com.google.firebase:firebase-common:19.3.0] AndroidManifest.xml:29:13-37
214            android:initOrder="100" />
214-->[com.google.firebase:firebase-common:19.3.0] AndroidManifest.xml:30:13-36
215        <provider
215-->[androidx.lifecycle:lifecycle-process:2.2.0] AndroidManifest.xml:25:9-29:43
216            android:name="androidx.lifecycle.ProcessLifecycleOwnerInitializer"
216-->[androidx.lifecycle:lifecycle-process:2.2.0] AndroidManifest.xml:26:13-79
217            android:authorities="com.example.weatherapp.lifecycle-process"
217-->[androidx.lifecycle:lifecycle-process:2.2.0] AndroidManifest.xml:27:13-69
218            android:exported="false"
218-->[androidx.lifecycle:lifecycle-process:2.2.0] AndroidManifest.xml:28:13-37
219            android:multiprocess="true" />
219-->[androidx.lifecycle:lifecycle-process:2.2.0] AndroidManifest.xml:29:13-40
220    </application>
221
222</manifest>